<?xml version="1.0" encoding="UTF-8"?>
<testng-results ignored="0" total="1" passed="1" failed="0" skipped="0">
  <reporter-output>
  </reporter-output>
  <suite started-at="2020-12-11T07:26:08Z" name="Default suite" finished-at="2020-12-11T07:26:16Z" duration-ms="8142">
    <groups>
    </groups>
    <test started-at="2020-12-11T07:26:08Z" name="Default test" finished-at="2020-12-11T07:26:16Z" duration-ms="8142">
      <class name="tables.Tables">
        <test-method signature="dynamicTables()[pri:0, instance:tables.Tables@18a70f16]" started-at="2020-12-11T07:26:08Z" name="dynamicTables" finished-at="2020-12-11T07:26:16Z" duration-ms="8106" status="PASS">
          <reporter-output>
          </reporter-output>
        </test-method> <!-- dynamicTables -->
      </class> <!-- tables.Tables -->
    </test> <!-- Default test -->
  </suite> <!-- Default suite -->
</testng-results>
